<?xml version="1.0" encoding="UTF-8"?>
<testsuite name="com.github.sbst.ClassInspectorTest" tests="1" skipped="0" failures="0" errors="0" timestamp="2021-05-28T12:59:34" hostname="MacBook-Pro-4.local" time="0.002">
  <properties/>
  <testcase name="shouldInspectClassWithDefaultConstructorAndOnePublicMethod()" classname="com.github.sbst.ClassInspectorTest" time="0.002"/>
  <system-out><![CDATA[]]></system-out>
  <system-err><![CDATA[]]></system-err>
</testsuite>
