<?xml version="1.0" encoding="UTF-8"?>
<testsuite name="com.github.sbst.JUnit5TestRunnerTest" tests="1" skipped="0" failures="0" errors="0" timestamp="2021-05-28T12:59:46" hostname="MacBook-Pro-4.local" time="0.004">
  <properties/>
  <testcase name="shouldRunSimpleTest()" classname="com.github.sbst.JUnit5TestRunnerTest" time="0.004"/>
  <system-out><![CDATA[]]></system-out>
  <system-err><![CDATA[]]></system-err>
</testsuite>
