<?xml version="1.0" encoding="UTF-8"?>
<testsuite name="com.github.sbst.ClassCompilerTest" tests="1" skipped="0" failures="0" errors="0" timestamp="2021-05-28T12:59:34" hostname="MacBook-Pro-4.local" time="0.065">
  <properties/>
  <testcase name="shouldCompileValidCode()" classname="com.github.sbst.ClassCompilerTest" time="0.065"/>
  <system-out><![CDATA[]]></system-out>
  <system-err><![CDATA[]]></system-err>
</testsuite>
