<?xml version="1.0" encoding="UTF-8"?>
<testsuite name="com.github.sbst.CodeExecutorTest" tests="2" skipped="0" failures="0" errors="0" timestamp="2021-05-28T12:59:46" hostname="MacBook-Pro-4.local" time="0.061">
  <properties/>
  <testcase name="shouldExecuteGivenMethodThatReturnsInt()" classname="com.github.sbst.CodeExecutorTest" time="0.03"/>
  <testcase name="shouldExecuteGeneratedCode()" classname="com.github.sbst.CodeExecutorTest" time="0.031"/>
  <system-out><![CDATA[]]></system-out>
  <system-err><![CDATA[]]></system-err>
</testsuite>
